Fatal Python error: initsite: Failed to import the site module
Traceback (most recent call last):
  File "/Users/caizhuo/opt/anaconda3/lib/python3.7/site.py", line 579, in <module>
    main()
  File "/Users/caizhuo/opt/anaconda3/lib/python3.7/site.py", line 566, in main
    known_paths = addsitepackages(known_paths)
  File "/Users/caizhuo/opt/anaconda3/lib/python3.7/site.py", line 349, in addsitepackages
    addsitedir(sitedir, known_paths)
  File "/Users/caizhuo/opt/anaconda3/lib/python3.7/site.py", line 207, in addsitedir
    addpackage(sitedir, name, known_paths)
  File "/Users/caizhuo/opt/anaconda3/lib/python3.7/site.py", line 168, in addpackage
    exec(line)
  File "<string>", line 1, in <module>
  File "/Users/caizhuo/opt/anaconda3/lib/python3.7/importlib/util.py", line 14, in <module>
    from contextlib import contextmanager
  File "/Users/caizhuo/opt/anaconda3/lib/python3.7/contextlib.py", line 5, in <module>
    from collections import deque
  File "/Users/caizhuo/opt/anaconda3/lib/python3.7/collections/__init__.py", line 21, in <module>
    from operator import itemgetter as _itemgetter, eq as _eq
  File "<frozen importlib._bootstrap>", line 983, in _find_and_load
  File "<frozen importlib._bootstrap>", line 967, in _find_and_load_unlocked
  File "<frozen importlib._bootstrap>", line 677, in _load_unlocked
  File "<frozen importlib._bootstrap_external>", line 724, in exec_module
  File "<frozen importlib._bootstrap_external>", line 857, in get_code
  File "<frozen importlib._bootstrap_external>", line 525, in _compile_bytecode
KeyboardInterrupt
